2014-06-16 03:06:28,890 [ERROR] output fdf at org.epam.insurance.control.InsuranceMaker.main(InsuranceMaker.java:39)
2014-06-16 03:24:25,389 [ERROR] output Let's see this bouuuaaa.  at org.epam.insurance.control.InsuranceMaker.main(InsuranceMaker.java:40)
2014-06-16 03:26:49,709 [ERROR] output Let's see this bouuuaaa.  at org.epam.insurance.control.InsuranceMaker.main(InsuranceMaker.java:40)
2014-06-23 14:42:28,673 [ERROR] console-file Trying was a mistake.  at org.epam.insurance.control.InsuranceMaker.main(InsuranceMaker.java:35)
2014-06-23 14:44:10,787 [ERROR] console-file Trying was a mistake.  at org.epam.insurance.control.InsuranceMaker.main(InsuranceMaker.java:35)
java.lang.NullPointerException
	at org.epam.insurance.control.CollectObligations.makePack(CollectObligations.java:37)
	at org.epam.insurance.control.InsuranceMaker.main(InsuranceMaker.java:33)
2014-06-23 14:44:29,639 [ERROR] console-file java.lang.NullPointerException at org.epam.insurance.control.InsuranceMaker.main(InsuranceMaker.java:35)
2014-06-23 14:44:40,066 [ERROR] console-file java.lang.NullPointerException at org.epam.insurance.control.InsuranceMaker.main(InsuranceMaker.java:35)
2014-06-23 14:45:27,260 [ERROR] console-file java.lang.NullPointerException at org.epam.insurance.control.InsuranceMaker.main(InsuranceMaker.java:35)
2014-06-23 14:46:01,044 [ERROR] console-file java.lang.NullPointerException at org.epam.insurance.control.InsuranceMaker.main(InsuranceMaker.java:36)
2014-06-23 14:47:51,863 [ERROR] console-file java.lang.NullPointerException at org.epam.insurance.control.InsuranceMaker.main(InsuranceMaker.java:35)
2014-06-23 15:07:18,690 [ERROR] console-file Incorrect xml input!  at org.epam.insurance.xmlproc.XMLProc.characters(XMLProc.java:111)
2014-06-23 15:07:25,015 [ERROR] console-file Incorrect xml input!  at org.epam.insurance.xmlproc.XMLProc.characters(XMLProc.java:111)
2014-06-23 15:28:09,414 [ERROR] console-file Incorrect xml input!  at org.epam.insurance.xmlproc.XMLProc.characters(XMLProc.java:109)
2014-06-23 15:28:13,788 [ERROR] console-file Incorrect xml input!  at org.epam.insurance.xmlproc.XMLProc.characters(XMLProc.java:109)
2014-06-23 15:29:04,415 [ERROR] console-file Incorrect xml input!  at org.epam.insurance.xmlproc.XMLProc.characters(XMLProc.java:109)
2014-06-23 15:29:13,255 [ERROR] console-file Incorrect xml input!  at org.epam.insurance.xmlproc.XMLProc.characters(XMLProc.java:109)
2014-06-23 15:29:24,881 [ERROR] console-file Incorrect xml input!  at org.epam.insurance.xmlproc.XMLProc.characters(XMLProc.java:109)
2014-06-23 15:36:03,587 [ WARN] console-file Incorrect xml input! at org.epam.insurance.xmlproc.XMLProc.characters(XMLProc.java:109)
2014-06-23 15:39:56,340 [ WARN] console-file Incorrect xml input! at org.epam.insurance.xmlproc.XMLProc.characters(XMLProc.java:109)
2014-06-23 15:40:24,046 [ WARN] console-file Incorrect xml input! at org.epam.insurance.xmlproc.XMLProc.characters(XMLProc.java:109)
