2014-06-30 15:10:54,814 [ERROR] console-file org.epam.strparser.exception.TechException: TECH:	Nonexistent property! at org.epam.strparser.control.MainMaker.main(MainMaker.java:36)
2014-06-30 15:11:51,910 [ERROR] console-file org.epam.strparser.exception.TechException: TECH: Nonexistent property! at org.epam.strparser.control.MainMaker.main(MainMaker.java:36)
2014-06-30 15:12:09,928 [ERROR] console-file org.epam.strparser.exception.TechException: TECH: Nonexistent property! at org.epam.strparser.control.MainMaker.main(MainMaker.java:36)
2014-06-30 15:12:21,691 [ERROR] console-file org.epam.strparser.exception.TechException: TECH: Look for regdular file in txtsrc. at org.epam.strparser.control.MainMaker.main(MainMaker.java:36)
2014-07-06 19:10:38,995 [ERROR] console-file org.epam.strparser.exception.LogicException: LOGIC: Nullsized lexeme part! at org.epam.strparser.control.MainMaker.main(MainMaker.java:34)
2014-07-06 19:12:35,168 [ERROR] console-file org.epam.strparser.exception.LogicException: LOGIC: Nullsized lexeme part!class org.epam.strparser.txtparser.TextHandler at org.epam.strparser.control.MainMaker.main(MainMaker.java:34)
2014-07-06 19:13:03,389 [ERROR] console-file org.epam.strparser.exception.LogicException: LOGIC: Nullsized lexeme part! in org.epam.strparser.txtparser.TextHandler at org.epam.strparser.control.MainMaker.main(MainMaker.java:34)
2014-07-06 19:13:23,778 [ERROR] console-file org.epam.strparser.exception.LogicException: LOGIC: Nullsized lexeme part! at org.epam.strparser.txtparser.TextHandler at org.epam.strparser.control.MainMaker.main(MainMaker.java:34)
2014-07-06 19:13:51,718 [ERROR] console-file org.epam.strparser.exception.LogicException: LOGIC: Nullsized lexeme part! at applySplitExpression at org.epam.strparser.control.MainMaker.main(MainMaker.java:34)
2014-07-06 19:14:03,527 [ERROR] console-file org.epam.strparser.exception.LogicException: LOGIC: Nullsized lexeme part at applySplitExpression! at org.epam.strparser.control.MainMaker.main(MainMaker.java:34)
2014-07-06 19:14:55,085 [ERROR] console-file org.epam.strparser.exception.LogicException: LOGIC: Nullsized lexeme part at applySplitExpression! at org.epam.strparser.control.MainMaker.main(MainMaker.java:34)
2014-07-06 19:16:47,546 [ERROR] console-file org.epam.strparser.exception.LogicException: LOGIC: Nullsized lexeme part at applySplitExpression! at org.epam.strparser.control.MainMaker.main(MainMaker.java:34)
2014-07-06 19:17:13,005 [ERROR] console-file org.epam.strparser.exception.LogicException: LOGIC: Nullsized lexeme part at applySplitExpression! at org.epam.strparser.control.MainMaker.main(MainMaker.java:34)
2014-07-06 19:17:37,887 [ERROR] console-file org.epam.strparser.exception.LogicException: LOGIC: Nullsized lexeme part at applySplitExpression! at org.epam.strparser.control.MainMaker.main(MainMaker.java:34)
2014-07-06 19:17:59,992 [ERROR] console-file org.epam.strparser.exception.LogicException: LOGIC: Nullsized lexeme part at applySplitExpression! at org.epam.strparser.control.MainMaker.main(MainMaker.java:34)
2014-07-06 19:18:39,101 [ERROR] console-file org.epam.strparser.exception.LogicException: LOGIC: Nullsized lexeme part at applySplitExpression! at org.epam.strparser.control.MainMaker.main(MainMaker.java:34)
2014-07-06 19:20:18,255 [ERROR] console-file org.epam.strparser.exception.LogicException: LOGIC: Nullsized lexeme part at applySplitExpression! at org.epam.strparser.control.MainMaker.main(MainMaker.java:34)
2014-07-06 19:20:48,192 [ERROR] console-file org.epam.strparser.exception.LogicException: LOGIC: Nullsized lexeme part at applySplitExpression! at org.epam.strparser.control.MainMaker.main(MainMaker.java:34)
2014-07-06 19:25:40,755 [ERROR] console-file org.epam.strparser.exception.LogicException: LOGIC: Nullsized lexeme part at applySplitExpression! at org.epam.strparser.control.MainMaker.main(MainMaker.java:34)
2014-07-06 19:25:47,322 [ERROR] console-file org.epam.strparser.exception.LogicException: LOGIC: Nullsized lexeme part at applySplitExpression! at org.epam.strparser.control.MainMaker.main(MainMaker.java:34)
